# JRE version: OpenJDK Runtime Environment (21.0.9) (build 21.0.9+-14787801-b1163.94)
# Java VM: OpenJDK 64-Bit Server VM (21.0.9+-14787801-b1163.94, mixed mode, tiered, compressed oops, compressed class ptrs, g1 gc, windows-amd64)
GC Precious Log:
 CardTable entry size: 512
 Card Set container configuration: InlinePtr #cards 5 size 8 Array Of Cards #cards 12 size 40 Howl #buckets 4 coarsen threshold 1843 Howl Bitmap #cards 512 size 80 coarsen threshold 460 Card regions per heap region 1 cards per card region 2048
 CPUs: 16 total, 16 available
 Memory: 16004M
 Large Page Support: Disabled
 NUMA Support: Disabled
 Compressed Oops: Enabled (32-bit)
 Heap Region Size: 1M
 Heap Min Capacity: 8M
 Heap Initial Capacity: 252M
 Heap Max Capacity: 2G
 Pre-touch: Disabled
 Parallel Workers: 13
 Concurrent Workers: 3
 Concurrent Refinement Workers: 13
 Periodic GC: Disabled
Heap:
 garbage-first heap   total 150528K, used 81994K [0x0000000080000000, 0x0000000100000000)
  region size 1024K, 1 young (1024K), 1 survivors (1024K)
 Metaspace       used 93175K, committed 95104K, reserved 1179648K
  class space    used 12858K, committed 13824K, reserved 1048576K
GC Heap History (20 events):
Event: 38.728 GC heap after
{Heap after GC invocations=21 (full 0):
 garbage-first heap   total 120832K, used 69143K [0x0000000080000000, 0x0000000100000000)
  region size 1024K, 6 young (6144K), 6 survivors (6144K)
 Metaspace       used 80197K, committed 81920K, reserved 1179648K
  class space    used 11141K, committed 11968K, reserved 1048576K
}
Event: 40.570 GC heap before
{Heap before GC invocations=21 (full 0):
 garbage-first heap   total 120832K, used 70167K [0x0000000080000000, 0x0000000100000000)
  region size 1024K, 8 young (8192K), 6 survivors (6144K)
 Metaspace       used 80199K, committed 81920K, reserved 1179648K
  class space    used 11141K, committed 11968K, reserved 1048576K
}
Event: 40.573 GC heap after
{Heap after GC invocations=22 (full 0):
 garbage-first heap   total 120832K, used 70561K [0x0000000080000000, 0x0000000100000000)
  region size 1024K, 1 young (1024K), 1 survivors (1024K)
 Metaspace       used 80199K, committed 81920K, reserved 1179648K
  class space    used 11141K, committed 11968K, reserved 1048576K
}
Event: 40.919 GC heap before
{Heap before GC invocations=23 (full 0):
 garbage-first heap   total 120832K, used 99233K [0x0000000080000000, 0x0000000100000000)
  region size 1024K, 28 young (28672K), 1 survivors (1024K)
 Metaspace       used 82164K, committed 83904K, reserved 1179648K
  class space    used 11376K, committed 12224K, reserved 1048576K
}
Event: 40.921 GC heap after
{Heap after GC invocations=24 (full 0):
 garbage-first heap   total 120832K, used 74135K [0x0000000080000000, 0x0000000100000000)
  region size 1024K, 3 young (3072K), 3 survivors (3072K)
 Metaspace       used 82164K, committed 83904K, reserved 1179648K
  class space    used 11376K, committed 12224K, reserved 1048576K
}
Event: 41.345 GC heap before
{Heap before GC invocations=24 (full 0):
 garbage-first heap   total 120832K, used 100759K [0x0000000080000000, 0x0000000100000000)
  region size 1024K, 30 young (30720K), 3 survivors (3072K)
 Metaspace       used 84553K, committed 86336K, reserved 1179648K
  class space    used 11663K, committed 12480K, reserved 1048576K
}
Event: 41.349 GC heap after
{Heap after GC invocations=25 (full 0):
 garbage-first heap   total 120832K, used 73840K [0x0000000080000000, 0x0000000100000000)
  region size 1024K, 3 young (3072K), 3 survivors (3072K)
 Metaspace       used 84553K, committed 86336K, reserved 1179648K
  class space    used 11663K, committed 12480K, reserved 1048576K
}
Event: 41.685 GC heap before
{Heap before GC invocations=25 (full 0):
 garbage-first heap   total 120832K, used 102512K [0x0000000080000000, 0x0000000100000000)
  region size 1024K, 32 young (32768K), 3 survivors (3072K)
 Metaspace       used 87684K, committed 89536K, reserved 1179648K
  class space    used 12106K, committed 12992K, reserved 1048576K
}
Event: 41.687 GC heap after
{Heap after GC invocations=26 (full 0):
 garbage-first heap   total 120832K, used 74474K [0x0000000080000000, 0x0000000100000000)
  region size 1024K, 2 young (2048K), 2 survivors (2048K)
 Metaspace       used 87684K, committed 89536K, reserved 1179648K
  class space    used 12106K, committed 12992K, reserved 1048576K
}
Event: 41.992 GC heap before
{Heap before GC invocations=27 (full 0):
 garbage-first heap   total 124928K, used 110314K [0x0000000080000000, 0x0000000100000000)
  region size 1024K, 33 young (33792K), 2 survivors (2048K)
 Metaspace       used 89208K, committed 91072K, reserved 1179648K
  class space    used 12369K, committed 13248K, reserved 1048576K
}
Event: 41.995 GC heap after
{Heap after GC invocations=28 (full 0):
 garbage-first heap   total 124928K, used 79580K [0x0000000080000000, 0x0000000100000000)
  region size 1024K, 5 young (5120K), 5 survivors (5120K)
 Metaspace       used 89208K, committed 91072K, reserved 1179648K
  class space    used 12369K, committed 13248K, reserved 1048576K
}
Event: 42.330 GC heap before
{Heap before GC invocations=28 (full 0):
 garbage-first heap   total 124928K, used 110300K [0x0000000080000000, 0x0000000100000000)
  region size 1024K, 35 young (35840K), 5 survivors (5120K)
 Metaspace       used 91465K, committed 93376K, reserved 1179648K
  class space    used 12659K, committed 13568K, reserved 1048576K
}
Event: 43.340 GC heap after
{Heap after GC invocations=29 (full 0):
 garbage-first heap   total 150528K, used 80648K [0x0000000080000000, 0x0000000100000000)
  region size 1024K, 2 young (2048K), 2 survivors (2048K)
 Metaspace       used 91465K, committed 93376K, reserved 1179648K
  class space    used 12659K, committed 13568K, reserved 1048576K
}
Event: 43.391 GC heap before
{Heap before GC invocations=29 (full 0):
 garbage-first heap   total 150528K, used 85768K [0x0000000080000000, 0x0000000100000000)
  region size 1024K, 7 young (7168K), 2 survivors (2048K)
 Metaspace       used 91822K, committed 93760K, reserved 1179648K
  class space    used 12705K, committed 13632K, reserved 1048576K
}
Event: 43.393 GC heap after
{Heap after GC invocations=30 (full 0):
 garbage-first heap   total 150528K, used 81300K [0x0000000080000000, 0x0000000100000000)
  region size 1024K, 1 young (1024K), 1 survivors (1024K)
 Metaspace       used 91822K, committed 93760K, reserved 1179648K
  class space    used 12705K, committed 13632K, reserved 1048576K
}
Event: 43.480 GC heap before
{Heap before GC invocations=30 (full 0):
 garbage-first heap   total 150528K, used 87444K [0x0000000080000000, 0x0000000100000000)
  region size 1024K, 7 young (7168K), 1 survivors (1024K)
 Metaspace       used 92238K, committed 94144K, reserved 1179648K
  class space    used 12756K, committed 13696K, reserved 1048576K
}
Event: 43.482 GC heap after
{Heap after GC invocations=31 (full 0):
 garbage-first heap   total 150528K, used 81391K [0x0000000080000000, 0x0000000100000000)
  region size 1024K, 1 young (1024K), 1 survivors (1024K)
 Metaspace       used 92238K, committed 94144K, reserved 1179648K
  class space    used 12756K, committed 13696K, reserved 1048576K
}
Event: 43.570 GC heap before
{Heap before GC invocations=31 (full 0):
 garbage-first heap   total 150528K, used 86511K [0x0000000080000000, 0x0000000100000000)
  region size 1024K, 7 young (7168K), 1 survivors (1024K)
 Metaspace       used 92736K, committed 94656K, reserved 1179648K
  class space    used 12818K, committed 13760K, reserved 1048576K
}
Event: 43.572 GC heap after
{Heap after GC invocations=32 (full 0):
 garbage-first heap   total 150528K, used 81632K [0x0000000080000000, 0x0000000100000000)
  region size 1024K, 1 young (1024K), 1 survivors (1024K)
 Metaspace       used 92736K, committed 94656K, reserved 1179648K
  class space    used 12818K, committed 13760K, reserved 1048576K
}
Event: 43.649 GC heap before
{Heap before GC invocations=32 (full 0):
 garbage-first heap   total 150528K, used 86752K [0x0000000080000000, 0x0000000100000000)
  region size 1024K, 7 young (7168K), 1 survivors (1024K)
 Metaspace       used 93175K, committed 95104K, reserved 1179648K
  class space    used 12858K, committed 13824K, reserved 1048576K
}

