# JRE version: OpenJDK Runtime Environment (21.0.9) (build 21.0.9+-14787801-b1163.94)
# Java VM: OpenJDK 64-Bit Server VM (21.0.9+-14787801-b1163.94, mixed mode, tiered, compressed oops, compressed class ptrs, g1 gc, windows-amd64)
GC Precious Log:
 CardTable entry size: 512
 Card Set container configuration: InlinePtr #cards 5 size 8 Array Of Cards #cards 12 size 40 Howl #buckets 4 coarsen threshold 1843 Howl Bitmap #cards 512 size 80 coarsen threshold 460 Card regions per heap region 1 cards per card region 2048
 CPUs: 16 total, 16 available
 Memory: 16004M
 Large Page Support: Disabled
 NUMA Support: Disabled
 Compressed Oops: Enabled (32-bit)
 Heap Region Size: 1M
 Heap Min Capacity: 8M
 Heap Initial Capacity: 252M
 Heap Max Capacity: 2G
 Pre-touch: Disabled
 Parallel Workers: 13
 Concurrent Workers: 3
 Concurrent Refinement Workers: 13
 Periodic GC: Disabled
Heap:
 garbage-first heap   total 114688K, used 75778K [0x0000000080000000, 0x0000000100000000)
  region size 1024K, 33 young (33792K), 4 survivors (4096K)
 Metaspace       used 70218K, committed 71936K, reserved 1114112K
  class space    used 9904K, committed 10752K, reserved 1048576K
GC Heap History (20 events):
Event: 21.578 GC heap before
{Heap before GC invocations=2 (full 0):
 garbage-first heap   total 258048K, used 149528K [0x0000000080000000, 0x0000000100000000)
  region size 1024K, 140 young (143360K), 5 survivors (5120K)
 Metaspace       used 21212K, committed 21504K, reserved 1114112K
  class space    used 2493K, committed 2624K, reserved 1048576K
}
Event: 21.588 GC heap after
{Heap after GC invocations=3 (full 0):
 garbage-first heap   total 258048K, used 19811K [0x0000000080000000, 0x0000000100000000)
  region size 1024K, 14 young (14336K), 14 survivors (14336K)
 Metaspace       used 21212K, committed 21504K, reserved 1114112K
  class space    used 2493K, committed 2624K, reserved 1048576K
}
Event: 22.631 GC heap before
{Heap before GC invocations=4 (full 0):
 garbage-first heap   total 71680K, used 68963K [0x0000000080000000, 0x0000000100000000)
  region size 1024K, 63 young (64512K), 14 survivors (14336K)
 Metaspace       used 29132K, committed 29568K, reserved 1114112K
  class space    used 3783K, committed 3968K, reserved 1048576K
}
Event: 22.638 GC heap after
{Heap after GC invocations=5 (full 0):
 garbage-first heap   total 90112K, used 22970K [0x0000000080000000, 0x0000000100000000)
  region size 1024K, 12 young (12288K), 12 survivors (12288K)
 Metaspace       used 29132K, committed 29568K, reserved 1114112K
  class space    used 3783K, committed 3968K, reserved 1048576K
}
Event: 23.283 GC heap before
{Heap before GC invocations=5 (full 0):
 garbage-first heap   total 90112K, used 63930K [0x0000000080000000, 0x0000000100000000)
  region size 1024K, 52 young (53248K), 12 survivors (12288K)
 Metaspace       used 34442K, committed 35264K, reserved 1114112K
  class space    used 4727K, committed 5120K, reserved 1048576K
}
Event: 23.292 GC heap after
{Heap after GC invocations=6 (full 0):
 garbage-first heap   total 90112K, used 25427K [0x0000000080000000, 0x0000000100000000)
  region size 1024K, 6 young (6144K), 6 survivors (6144K)
 Metaspace       used 34442K, committed 35264K, reserved 1114112K
  class space    used 4727K, committed 5120K, reserved 1048576K
}
Event: 23.385 GC heap before
{Heap before GC invocations=6 (full 0):
 garbage-first heap   total 90112K, used 29523K [0x0000000080000000, 0x0000000100000000)
  region size 1024K, 11 young (11264K), 6 survivors (6144K)
 Metaspace       used 35185K, committed 35968K, reserved 1114112K
  class space    used 4853K, committed 5248K, reserved 1048576K
}
Event: 23.390 GC heap after
{Heap after GC invocations=7 (full 0):
 garbage-first heap   total 90112K, used 25853K [0x0000000080000000, 0x0000000100000000)
  region size 1024K, 4 young (4096K), 4 survivors (4096K)
 Metaspace       used 35185K, committed 35968K, reserved 1114112K
  class space    used 4853K, committed 5248K, reserved 1048576K
}
Event: 24.255 GC heap before
{Heap before GC invocations=8 (full 0):
 garbage-first heap   total 90112K, used 72957K [0x0000000080000000, 0x0000000100000000)
  region size 1024K, 51 young (52224K), 4 survivors (4096K)
 Metaspace       used 44317K, committed 45184K, reserved 1114112K
  class space    used 6028K, committed 6400K, reserved 1048576K
}
Event: 24.259 GC heap after
{Heap after GC invocations=9 (full 0):
 garbage-first heap   total 90112K, used 30376K [0x0000000080000000, 0x0000000100000000)
  region size 1024K, 7 young (7168K), 7 survivors (7168K)
 Metaspace       used 44317K, committed 45184K, reserved 1114112K
  class space    used 6028K, committed 6400K, reserved 1048576K
}
Event: 24.755 GC heap before
{Heap before GC invocations=9 (full 0):
 garbage-first heap   total 90112K, used 79528K [0x0000000080000000, 0x0000000100000000)
  region size 1024K, 51 young (52224K), 7 survivors (7168K)
 Metaspace       used 48107K, committed 49152K, reserved 1114112K
  class space    used 6494K, committed 6976K, reserved 1048576K
}
Event: 24.760 GC heap after
{Heap after GC invocations=10 (full 0):
 garbage-first heap   total 93184K, used 34005K [0x0000000080000000, 0x0000000100000000)
  region size 1024K, 5 young (5120K), 5 survivors (5120K)
 Metaspace       used 48107K, committed 49152K, reserved 1114112K
  class space    used 6494K, committed 6976K, reserved 1048576K
}
Event: 25.335 GC heap before
{Heap before GC invocations=10 (full 0):
 garbage-first heap   total 93184K, used 79061K [0x0000000080000000, 0x0000000100000000)
  region size 1024K, 49 young (50176K), 5 survivors (5120K)
 Metaspace       used 53643K, committed 55040K, reserved 1114112K
  class space    used 7439K, committed 8128K, reserved 1048576K
}
Event: 25.339 GC heap after
{Heap after GC invocations=11 (full 0):
 garbage-first heap   total 112640K, used 36291K [0x0000000080000000, 0x0000000100000000)
  region size 1024K, 7 young (7168K), 7 survivors (7168K)
 Metaspace       used 53643K, committed 55040K, reserved 1114112K
  class space    used 7439K, committed 8128K, reserved 1048576K
}
Event: 26.677 GC heap before
{Heap before GC invocations=11 (full 0):
 garbage-first heap   total 112640K, used 99779K [0x0000000080000000, 0x0000000100000000)
  region size 1024K, 66 young (67584K), 7 survivors (7168K)
 Metaspace       used 58442K, committed 59968K, reserved 1114112K
  class space    used 8047K, committed 8768K, reserved 1048576K
}
Event: 26.685 GC heap after
{Heap after GC invocations=12 (full 0):
 garbage-first heap   total 114688K, used 43653K [0x0000000080000000, 0x0000000100000000)
  region size 1024K, 9 young (9216K), 9 survivors (9216K)
 Metaspace       used 58442K, committed 59968K, reserved 1114112K
  class space    used 8047K, committed 8768K, reserved 1048576K
}
Event: 26.864 GC heap before
{Heap before GC invocations=12 (full 0):
 garbage-first heap   total 114688K, used 60037K [0x0000000080000000, 0x0000000100000000)
  region size 1024K, 26 young (26624K), 9 survivors (9216K)
 Metaspace       used 58859K, committed 60288K, reserved 1114112K
  class space    used 8104K, committed 8768K, reserved 1048576K
}
Event: 26.868 GC heap after
{Heap after GC invocations=13 (full 0):
 garbage-first heap   total 114688K, used 44312K [0x0000000080000000, 0x0000000100000000)
  region size 1024K, 1 young (1024K), 1 survivors (1024K)
 Metaspace       used 58859K, committed 60288K, reserved 1114112K
  class space    used 8104K, committed 8768K, reserved 1048576K
}
Event: 27.771 GC heap before
{Heap before GC invocations=14 (full 0):
 garbage-first heap   total 114688K, used 101656K [0x0000000080000000, 0x0000000100000000)
  region size 1024K, 57 young (58368K), 1 survivors (1024K)
 Metaspace       used 66561K, committed 68224K, reserved 1114112K
  class space    used 9285K, committed 10112K, reserved 1048576K
}
Event: 27.776 GC heap after
{Heap after GC invocations=15 (full 0):
 garbage-first heap   total 114688K, used 47106K [0x0000000080000000, 0x0000000100000000)
  region size 1024K, 4 young (4096K), 4 survivors (4096K)
 Metaspace       used 66561K, committed 68224K, reserved 1114112K
  class space    used 9285K, committed 10112K, reserved 1048576K
}

