# JRE version: OpenJDK Runtime Environment (21.0.9) (build 21.0.9+-14787801-b1163.94)
# Java VM: OpenJDK 64-Bit Server VM (21.0.9+-14787801-b1163.94, mixed mode, tiered, compressed oops, compressed class ptrs, g1 gc, windows-amd64)
GC Precious Log:
 CardTable entry size: 512
 Card Set container configuration: InlinePtr #cards 5 size 8 Array Of Cards #cards 12 size 40 Howl #buckets 4 coarsen threshold 1843 Howl Bitmap #cards 512 size 80 coarsen threshold 460 Card regions per heap region 1 cards per card region 2048
 CPUs: 16 total, 16 available
 Memory: 16004M
 Large Page Support: Disabled
 NUMA Support: Disabled
 Compressed Oops: Enabled (32-bit)
 Heap Region Size: 1M
 Heap Min Capacity: 8M
 Heap Initial Capacity: 252M
 Heap Max Capacity: 2G
 Pre-touch: Disabled
 Parallel Workers: 13
 Concurrent Workers: 3
 Concurrent Refinement Workers: 13
 Periodic GC: Disabled
Heap:
 garbage-first heap   total 385024K, used 268868K [0x0000000080000000, 0x0000000100000000)
  region size 1024K, 94 young (96256K), 23 survivors (23552K)
 Metaspace       used 160486K, committed 165056K, reserved 1245184K
  class space    used 21576K, committed 23360K, reserved 1048576K
GC Heap History (20 events):
Event: 934.988 GC heap before
{Heap before GC invocations=78 (full 0):
 garbage-first heap   total 377856K, used 331776K [0x0000000080000000, 0x0000000100000000)
  region size 1024K, 152 young (155648K), 12 survivors (12288K)
 Metaspace       used 160029K, committed 162432K, reserved 1245184K
  class space    used 22055K, committed 23232K, reserved 1048576K
}
Event: 934.997 GC heap after
{Heap after GC invocations=79 (full 0):
 garbage-first heap   total 377856K, used 190883K [0x0000000080000000, 0x0000000100000000)
  region size 1024K, 14 young (14336K), 14 survivors (14336K)
 Metaspace       used 160029K, committed 162432K, reserved 1245184K
  class space    used 22055K, committed 23232K, reserved 1048576K
}
Event: 979.018 GC heap before
{Heap before GC invocations=79 (full 0):
 garbage-first heap   total 377856K, used 342435K [0x0000000080000000, 0x0000000100000000)
  region size 1024K, 159 young (162816K), 14 survivors (14336K)
 Metaspace       used 160436K, committed 162880K, reserved 1245184K
  class space    used 22078K, committed 23296K, reserved 1048576K
}
Event: 979.026 GC heap after
{Heap after GC invocations=80 (full 0):
 garbage-first heap   total 377856K, used 157677K [0x0000000080000000, 0x0000000100000000)
  region size 1024K, 5 young (5120K), 5 survivors (5120K)
 Metaspace       used 160436K, committed 162880K, reserved 1245184K
  class space    used 22078K, committed 23296K, reserved 1048576K
}
Event: 979.397 GC heap before
{Heap before GC invocations=80 (full 0):
 garbage-first heap   total 377856K, used 234477K [0x0000000080000000, 0x0000000100000000)
  region size 1024K, 82 young (83968K), 5 survivors (5120K)
 Metaspace       used 160587K, committed 163008K, reserved 1245184K
  class space    used 22080K, committed 23296K, reserved 1048576K
}
Event: 979.404 GC heap after
{Heap after GC invocations=81 (full 0):
 garbage-first heap   total 377856K, used 168882K [0x0000000080000000, 0x0000000100000000)
  region size 1024K, 16 young (16384K), 16 survivors (16384K)
 Metaspace       used 160587K, committed 163008K, reserved 1245184K
  class space    used 22080K, committed 23296K, reserved 1048576K
}
Event: 980.479 GC heap before
{Heap before GC invocations=82 (full 0):
 garbage-first heap   total 377856K, used 343986K [0x0000000080000000, 0x0000000100000000)
  region size 1024K, 184 young (188416K), 16 survivors (16384K)
 Metaspace       used 161226K, committed 163648K, reserved 1245184K
  class space    used 22098K, committed 23296K, reserved 1048576K
}
Event: 980.491 GC heap after
{Heap after GC invocations=83 (full 0):
 garbage-first heap   total 385024K, used 194560K [0x0000000080000000, 0x0000000100000000)
  region size 1024K, 23 young (23552K), 23 survivors (23552K)
 Metaspace       used 161226K, committed 163648K, reserved 1245184K
  class space    used 22098K, committed 23296K, reserved 1048576K
}
Event: 981.278 GC heap before
{Heap before GC invocations=83 (full 0):
 garbage-first heap   total 385024K, used 345088K [0x0000000080000000, 0x0000000100000000)
  region size 1024K, 169 young (173056K), 23 survivors (23552K)
 Metaspace       used 162168K, committed 164672K, reserved 1245184K
  class space    used 22145K, committed 23360K, reserved 1048576K
}
Event: 981.291 GC heap after
{Heap after GC invocations=84 (full 0):
 garbage-first heap   total 385024K, used 188264K [0x0000000080000000, 0x0000000100000000)
  region size 1024K, 12 young (12288K), 12 survivors (12288K)
 Metaspace       used 162168K, committed 164672K, reserved 1245184K
  class space    used 22145K, committed 23360K, reserved 1048576K
}
Event: 981.366 GC heap before
{Heap before GC invocations=84 (full 0):
 garbage-first heap   total 385024K, used 208744K [0x0000000080000000, 0x0000000100000000)
  region size 1024K, 34 young (34816K), 12 survivors (12288K)
 Metaspace       used 162262K, committed 164736K, reserved 1245184K
  class space    used 22145K, committed 23360K, reserved 1048576K
}
Event: 981.370 GC heap after
{Heap after GC invocations=85 (full 0):
 garbage-first heap   total 385024K, used 184934K [0x0000000080000000, 0x0000000100000000)
  region size 1024K, 2 young (2048K), 2 survivors (2048K)
 Metaspace       used 162262K, committed 164736K, reserved 1245184K
  class space    used 22145K, committed 23360K, reserved 1048576K
}
Event: 3767.702 GC heap before
{Heap before GC invocations=86 (full 0):
 garbage-first heap   total 385024K, used 378470K [0x0000000080000000, 0x0000000100000000)
  region size 1024K, 157 young (160768K), 2 survivors (2048K)
 Metaspace       used 162394K, committed 164800K, reserved 1245184K
  class space    used 22153K, committed 23360K, reserved 1048576K
}
Event: 3767.705 GC heap after
{Heap after GC invocations=87 (full 0):
 garbage-first heap   total 385024K, used 184026K [0x0000000080000000, 0x0000000100000000)
  region size 1024K, 2 young (2048K), 2 survivors (2048K)
 Metaspace       used 162394K, committed 164800K, reserved 1245184K
  class space    used 22153K, committed 23360K, reserved 1048576K
}
Event: 7915.052 GC heap before
{Heap before GC invocations=87 (full 0):
 garbage-first heap   total 385024K, used 347866K [0x0000000080000000, 0x0000000100000000)
  region size 1024K, 163 young (166912K), 2 survivors (2048K)
 Metaspace       used 162446K, committed 164864K, reserved 1245184K
  class space    used 22156K, committed 23360K, reserved 1048576K
}
Event: 7915.063 GC heap after
{Heap after GC invocations=88 (full 0):
 garbage-first heap   total 385024K, used 180103K [0x0000000080000000, 0x0000000100000000)
  region size 1024K, 5 young (5120K), 5 survivors (5120K)
 Metaspace       used 162446K, committed 164864K, reserved 1245184K
  class space    used 22156K, committed 23360K, reserved 1048576K
}
Event: 9824.244 GC heap before
{Heap before GC invocations=88 (full 0):
 garbage-first heap   total 385024K, used 350087K [0x0000000080000000, 0x0000000100000000)
  region size 1024K, 172 young (176128K), 5 survivors (5120K)
 Metaspace       used 162555K, committed 164992K, reserved 1245184K
  class space    used 22160K, committed 23360K, reserved 1048576K
}
Event: 9824.297 GC heap after
{Heap after GC invocations=89 (full 0):
 garbage-first heap   total 385024K, used 177295K [0x0000000080000000, 0x0000000100000000)
  region size 1024K, 2 young (2048K), 2 survivors (2048K)
 Metaspace       used 162555K, committed 164992K, reserved 1245184K
  class space    used 22160K, committed 23360K, reserved 1048576K
}
Event: 9944.497 GC heap before
{Heap before GC invocations=90 (full 0):
 garbage-first heap   total 385024K, used 355471K [0x0000000080000000, 0x0000000100000000)
  region size 1024K, 178 young (182272K), 2 survivors (2048K)
 Metaspace       used 160388K, committed 165056K, reserved 1245184K
  class space    used 21576K, committed 23360K, reserved 1048576K
}
Event: 9944.513 GC heap after
{Heap after GC invocations=91 (full 0):
 garbage-first heap   total 385024K, used 197188K [0x0000000080000000, 0x0000000100000000)
  region size 1024K, 23 young (23552K), 23 survivors (23552K)
 Metaspace       used 160388K, committed 165056K, reserved 1245184K
  class space    used 21576K, committed 23360K, reserved 1048576K
}

