# JRE version: OpenJDK Runtime Environment (21.0.9) (build 21.0.9+-14787801-b1163.94)
# Java VM: OpenJDK 64-Bit Server VM (21.0.9+-14787801-b1163.94, mixed mode, tiered, compressed oops, compressed class ptrs, g1 gc, windows-amd64)
GC Precious Log:
 CardTable entry size: 512
 Card Set container configuration: InlinePtr #cards 5 size 8 Array Of Cards #cards 12 size 40 Howl #buckets 4 coarsen threshold 1843 Howl Bitmap #cards 512 size 80 coarsen threshold 460 Card regions per heap region 1 cards per card region 2048
 CPUs: 16 total, 16 available
 Memory: 16004M
 Large Page Support: Disabled
 NUMA Support: Disabled
 Compressed Oops: Enabled (32-bit)
 Heap Region Size: 1M
 Heap Min Capacity: 8M
 Heap Initial Capacity: 252M
 Heap Max Capacity: 2G
 Pre-touch: Disabled
 Parallel Workers: 13
 Concurrent Workers: 3
 Concurrent Refinement Workers: 13
 Periodic GC: Disabled
Heap:
 garbage-first heap   total 528384K, used 472174K [0x0000000080000000, 0x0000000100000000)
  region size 1024K, 246 young (251904K), 24 survivors (24576K)
 Metaspace       used 231722K, committed 234752K, reserved 1310720K
  class space    used 29872K, committed 31360K, reserved 1048576K
GC Heap History (20 events):
Event: 133.427 GC heap before
{Heap before GC invocations=110 (full 0):
 garbage-first heap   total 520192K, used 491187K [0x0000000080000000, 0x0000000100000000)
  region size 1024K, 291 young (297984K), 25 survivors (25600K)
 Metaspace       used 205893K, committed 208704K, reserved 1245184K
  class space    used 26568K, committed 27968K, reserved 1048576K
}
Event: 133.437 GC heap after
{Heap after GC invocations=111 (full 0):
 garbage-first heap   total 525312K, used 226131K [0x0000000080000000, 0x0000000100000000)
  region size 1024K, 22 young (22528K), 22 survivors (22528K)
 Metaspace       used 205893K, committed 208704K, reserved 1245184K
  class space    used 26568K, committed 27968K, reserved 1048576K
}
Event: 160.056 GC heap before
{Heap before GC invocations=112 (full 0):
 garbage-first heap   total 525312K, used 496467K [0x0000000080000000, 0x0000000100000000)
  region size 1024K, 286 young (292864K), 22 survivors (22528K)
 Metaspace       used 208761K, committed 211456K, reserved 1245184K
  class space    used 26887K, committed 28224K, reserved 1048576K
}
Event: 160.068 GC heap after
{Heap after GC invocations=113 (full 0):
 garbage-first heap   total 528384K, used 234176K [0x0000000080000000, 0x0000000100000000)
  region size 1024K, 25 young (25600K), 25 survivors (25600K)
 Metaspace       used 208761K, committed 211456K, reserved 1245184K
  class space    used 26887K, committed 28224K, reserved 1048576K
}
Event: 164.471 GC heap before
{Heap before GC invocations=113 (full 0):
 garbage-first heap   total 528384K, used 499392K [0x0000000080000000, 0x0000000100000000)
  region size 1024K, 284 young (290816K), 25 survivors (25600K)
 Metaspace       used 208763K, committed 211456K, reserved 1245184K
  class space    used 26887K, committed 28224K, reserved 1048576K
}
Event: 164.488 GC heap after
{Heap after GC invocations=114 (full 0):
 garbage-first heap   total 528384K, used 232499K [0x0000000080000000, 0x0000000100000000)
  region size 1024K, 14 young (14336K), 14 survivors (14336K)
 Metaspace       used 208763K, committed 211456K, reserved 1245184K
  class space    used 26887K, committed 28224K, reserved 1048576K
}
Event: 165.291 GC heap before
{Heap before GC invocations=114 (full 0):
 garbage-first heap   total 528384K, used 328755K [0x0000000080000000, 0x0000000100000000)
  region size 1024K, 109 young (111616K), 14 survivors (14336K)
 Metaspace       used 215709K, committed 218496K, reserved 1245184K
  class space    used 27919K, committed 29312K, reserved 1048576K
}
Event: 165.297 GC heap after
{Heap after GC invocations=115 (full 0):
 garbage-first heap   total 528384K, used 233660K [0x0000000080000000, 0x0000000100000000)
  region size 1024K, 15 young (15360K), 15 survivors (15360K)
 Metaspace       used 215709K, committed 218496K, reserved 1245184K
  class space    used 27919K, committed 29312K, reserved 1048576K
}
Event: 166.180 GC heap before
{Heap before GC invocations=116 (full 0):
 garbage-first heap   total 528384K, used 503996K [0x0000000080000000, 0x0000000100000000)
  region size 1024K, 275 young (281600K), 15 survivors (15360K)
 Metaspace       used 216123K, committed 218880K, reserved 1245184K
  class space    used 27950K, committed 29312K, reserved 1048576K
}
Event: 166.184 GC heap after
{Heap after GC invocations=117 (full 0):
 garbage-first heap   total 528384K, used 232981K [0x0000000080000000, 0x0000000100000000)
  region size 1024K, 12 young (12288K), 12 survivors (12288K)
 Metaspace       used 216123K, committed 218880K, reserved 1245184K
  class space    used 27950K, committed 29312K, reserved 1048576K
}
Event: 173.223 GC heap before
{Heap before GC invocations=117 (full 0):
 garbage-first heap   total 528384K, used 504341K [0x0000000080000000, 0x0000000100000000)
  region size 1024K, 273 young (279552K), 12 survivors (12288K)
 Metaspace       used 220311K, committed 223040K, reserved 1245184K
  class space    used 28310K, committed 29632K, reserved 1048576K
}
Event: 173.235 GC heap after
{Heap after GC invocations=118 (full 0):
 garbage-first heap   total 528384K, used 231481K [0x0000000080000000, 0x0000000100000000)
  region size 1024K, 14 young (14336K), 14 survivors (14336K)
 Metaspace       used 220311K, committed 223040K, reserved 1245184K
  class space    used 28310K, committed 29632K, reserved 1048576K
}
Event: 182.144 GC heap before
{Heap before GC invocations=118 (full 0):
 garbage-first heap   total 528384K, used 498745K [0x0000000080000000, 0x0000000100000000)
  region size 1024K, 276 young (282624K), 14 survivors (14336K)
 Metaspace       used 220946K, committed 223680K, reserved 1245184K
  class space    used 28350K, committed 29696K, reserved 1048576K
}
Event: 182.149 GC heap after
{Heap after GC invocations=119 (full 0):
 garbage-first heap   total 528384K, used 236438K [0x0000000080000000, 0x0000000100000000)
  region size 1024K, 18 young (18432K), 18 survivors (18432K)
 Metaspace       used 220946K, committed 223680K, reserved 1245184K
  class space    used 28350K, committed 29696K, reserved 1048576K
}
Event: 184.049 GC heap before
{Heap before GC invocations=120 (full 0):
 garbage-first heap   total 528384K, used 499606K [0x0000000080000000, 0x0000000100000000)
  region size 1024K, 276 young (282624K), 18 survivors (18432K)
 Metaspace       used 220988K, committed 223808K, reserved 1245184K
  class space    used 28356K, committed 29696K, reserved 1048576K
}
Event: 184.057 GC heap after
{Heap after GC invocations=121 (full 0):
 garbage-first heap   total 528384K, used 240205K [0x0000000080000000, 0x0000000100000000)
  region size 1024K, 22 young (22528K), 22 survivors (22528K)
 Metaspace       used 220988K, committed 223808K, reserved 1245184K
  class space    used 28356K, committed 29696K, reserved 1048576K
}
Event: 192.974 GC heap before
{Heap before GC invocations=121 (full 0):
 garbage-first heap   total 528384K, used 499277K [0x0000000080000000, 0x0000000100000000)
  region size 1024K, 276 young (282624K), 22 survivors (22528K)
 Metaspace       used 221700K, committed 224512K, reserved 1245184K
  class space    used 28442K, committed 29824K, reserved 1048576K
}
Event: 192.983 GC heap after
{Heap after GC invocations=122 (full 0):
 garbage-first heap   total 528384K, used 240750K [0x0000000080000000, 0x0000000100000000)
  region size 1024K, 19 young (19456K), 19 survivors (19456K)
 Metaspace       used 221700K, committed 224512K, reserved 1245184K
  class space    used 28442K, committed 29824K, reserved 1048576K
}
Event: 207.186 GC heap before
{Heap before GC invocations=122 (full 0):
 garbage-first heap   total 528384K, used 409710K [0x0000000080000000, 0x0000000100000000)
  region size 1024K, 186 young (190464K), 19 survivors (19456K)
 Metaspace       used 224877K, committed 227776K, reserved 1310720K
  class space    used 28852K, committed 30272K, reserved 1048576K
}
Event: 207.195 GC heap after
{Heap after GC invocations=123 (full 0):
 garbage-first heap   total 528384K, used 245870K [0x0000000080000000, 0x0000000100000000)
  region size 1024K, 24 young (24576K), 24 survivors (24576K)
 Metaspace       used 224877K, committed 227776K, reserved 1310720K
  class space    used 28852K, committed 30272K, reserved 1048576K
}

