# JRE version: OpenJDK Runtime Environment (21.0.9) (build 21.0.9+-14787801-b1163.94)
# Java VM: OpenJDK 64-Bit Server VM (21.0.9+-14787801-b1163.94, mixed mode, tiered, compressed oops, compressed class ptrs, g1 gc, windows-amd64)
GC Precious Log:
 CardTable entry size: 512
 Card Set container configuration: InlinePtr #cards 5 size 8 Array Of Cards #cards 12 size 40 Howl #buckets 4 coarsen threshold 1843 Howl Bitmap #cards 512 size 80 coarsen threshold 460 Card regions per heap region 1 cards per card region 2048
 CPUs: 16 total, 16 available
 Memory: 16004M
 Large Page Support: Disabled
 NUMA Support: Disabled
 Compressed Oops: Enabled (32-bit)
 Heap Region Size: 1M
 Heap Min Capacity: 8M
 Heap Initial Capacity: 252M
 Heap Max Capacity: 2G
 Pre-touch: Disabled
 Parallel Workers: 13
 Concurrent Workers: 3
 Concurrent Refinement Workers: 13
 Periodic GC: Disabled
Heap:
 garbage-first heap   total 288768K, used 183077K [0x0000000080000000, 0x0000000100000000)
  region size 1024K, 11 young (11264K), 6 survivors (6144K)
 Metaspace       used 136588K, committed 139072K, reserved 1179648K
  class space    used 18870K, committed 20096K, reserved 1048576K
GC Heap History (20 events):
Event: 49.612 GC heap before
{Heap before GC invocations=40 (full 0):
 garbage-first heap   total 243712K, used 219148K [0x0000000080000000, 0x0000000100000000)
  region size 1024K, 96 young (98304K), 7 survivors (7168K)
 Metaspace       used 110325K, committed 112512K, reserved 1179648K
  class space    used 15496K, committed 16512K, reserved 1048576K
}
Event: 49.618 GC heap after
{Heap after GC invocations=41 (full 0):
 garbage-first heap   total 243712K, used 131554K [0x0000000080000000, 0x0000000100000000)
  region size 1024K, 8 young (8192K), 8 survivors (8192K)
 Metaspace       used 110325K, committed 112512K, reserved 1179648K
  class space    used 15496K, committed 16512K, reserved 1048576K
}
Event: 51.170 GC heap before
{Heap before GC invocations=41 (full 0):
 garbage-first heap   total 243712K, used 221666K [0x0000000080000000, 0x0000000100000000)
  region size 1024K, 95 young (97280K), 8 survivors (8192K)
 Metaspace       used 116206K, committed 118464K, reserved 1179648K
  class space    used 16254K, committed 17344K, reserved 1048576K
}
Event: 51.181 GC heap after
{Heap after GC invocations=42 (full 0):
 garbage-first heap   total 243712K, used 133423K [0x0000000080000000, 0x0000000100000000)
  region size 1024K, 10 young (10240K), 10 survivors (10240K)
 Metaspace       used 116206K, committed 118464K, reserved 1179648K
  class space    used 16254K, committed 17344K, reserved 1048576K
}
Event: 53.038 GC heap before
{Heap before GC invocations=42 (full 0):
 garbage-first heap   total 243712K, used 205103K [0x0000000080000000, 0x0000000100000000)
  region size 1024K, 82 young (83968K), 10 survivors (10240K)
 Metaspace       used 123298K, committed 125504K, reserved 1179648K
  class space    used 17161K, committed 18240K, reserved 1048576K
}
Event: 53.044 GC heap after
{Heap after GC invocations=43 (full 0):
 garbage-first heap   total 243712K, used 138255K [0x0000000080000000, 0x0000000100000000)
  region size 1024K, 10 young (10240K), 10 survivors (10240K)
 Metaspace       used 123298K, committed 125504K, reserved 1179648K
  class space    used 17161K, committed 18240K, reserved 1048576K
}
Event: 54.006 GC heap before
{Heap before GC invocations=44 (full 0):
 garbage-first heap   total 243712K, used 229391K [0x0000000080000000, 0x0000000100000000)
  region size 1024K, 94 young (96256K), 10 survivors (10240K)
 Metaspace       used 125657K, committed 127936K, reserved 1179648K
  class space    used 17338K, committed 18496K, reserved 1048576K
}
Event: 54.017 GC heap after
{Heap after GC invocations=45 (full 0):
 garbage-first heap   total 245760K, used 143511K [0x0000000080000000, 0x0000000100000000)
  region size 1024K, 12 young (12288K), 12 survivors (12288K)
 Metaspace       used 125657K, committed 127936K, reserved 1179648K
  class space    used 17338K, committed 18496K, reserved 1048576K
}
Event: 56.375 GC heap before
{Heap before GC invocations=45 (full 0):
 garbage-first heap   total 245760K, used 224407K [0x0000000080000000, 0x0000000100000000)
  region size 1024K, 92 young (94208K), 12 survivors (12288K)
 Metaspace       used 126544K, committed 128832K, reserved 1179648K
  class space    used 17433K, committed 18560K, reserved 1048576K
}
Event: 56.383 GC heap after
{Heap after GC invocations=46 (full 0):
 garbage-first heap   total 245760K, used 146516K [0x0000000080000000, 0x0000000100000000)
  region size 1024K, 7 young (7168K), 7 survivors (7168K)
 Metaspace       used 126544K, committed 128832K, reserved 1179648K
  class space    used 17433K, committed 18560K, reserved 1048576K
}
Event: 57.575 GC heap before
{Heap before GC invocations=46 (full 0):
 garbage-first heap   total 245760K, used 218196K [0x0000000080000000, 0x0000000100000000)
  region size 1024K, 79 young (80896K), 7 survivors (7168K)
 Metaspace       used 129803K, committed 132160K, reserved 1179648K
  class space    used 17844K, committed 19008K, reserved 1048576K
}
Event: 57.580 GC heap after
{Heap after GC invocations=47 (full 0):
 garbage-first heap   total 245760K, used 151701K [0x0000000080000000, 0x0000000100000000)
  region size 1024K, 11 young (11264K), 11 survivors (11264K)
 Metaspace       used 129803K, committed 132160K, reserved 1179648K
  class space    used 17844K, committed 19008K, reserved 1048576K
}
Event: 64.321 GC heap before
{Heap before GC invocations=48 (full 0):
 garbage-first heap   total 256000K, used 225429K [0x0000000080000000, 0x0000000100000000)
  region size 1024K, 83 young (84992K), 11 survivors (11264K)
 Metaspace       used 130607K, committed 132928K, reserved 1179648K
  class space    used 17975K, committed 19136K, reserved 1048576K
}
Event: 64.328 GC heap after
{Heap after GC invocations=49 (full 0):
 garbage-first heap   total 256000K, used 155943K [0x0000000080000000, 0x0000000100000000)
  region size 1024K, 7 young (7168K), 7 survivors (7168K)
 Metaspace       used 130607K, committed 132928K, reserved 1179648K
  class space    used 17975K, committed 19136K, reserved 1048576K
}
Event: 65.102 GC heap before
{Heap before GC invocations=49 (full 0):
 garbage-first heap   total 256000K, used 232743K [0x0000000080000000, 0x0000000100000000)
  region size 1024K, 83 young (84992K), 7 survivors (7168K)
 Metaspace       used 133068K, committed 135552K, reserved 1179648K
  class space    used 18308K, committed 19520K, reserved 1048576K
}
Event: 65.118 GC heap after
{Heap after GC invocations=50 (full 0):
 garbage-first heap   total 256000K, used 161793K [0x0000000080000000, 0x0000000100000000)
  region size 1024K, 8 young (8192K), 8 survivors (8192K)
 Metaspace       used 133068K, committed 135552K, reserved 1179648K
  class space    used 18308K, committed 19520K, reserved 1048576K
}
Event: 66.373 GC heap before
{Heap before GC invocations=50 (full 0):
 garbage-first heap   total 256000K, used 234497K [0x0000000080000000, 0x0000000100000000)
  region size 1024K, 80 young (81920K), 8 survivors (8192K)
 Metaspace       used 134646K, committed 137088K, reserved 1179648K
  class space    used 18631K, committed 19840K, reserved 1048576K
}
Event: 66.382 GC heap after
{Heap after GC invocations=51 (full 0):
 garbage-first heap   total 256000K, used 172973K [0x0000000080000000, 0x0000000100000000)
  region size 1024K, 10 young (10240K), 10 survivors (10240K)
 Metaspace       used 134646K, committed 137088K, reserved 1179648K
  class space    used 18631K, committed 19840K, reserved 1048576K
}
Event: 67.410 GC heap before
{Heap before GC invocations=52 (full 0):
 garbage-first heap   total 288768K, used 234413K [0x0000000080000000, 0x0000000100000000)
  region size 1024K, 71 young (72704K), 10 survivors (10240K)
 Metaspace       used 135765K, committed 138240K, reserved 1179648K
  class space    used 18768K, committed 19968K, reserved 1048576K
}
Event: 67.430 GC heap after
{Heap after GC invocations=53 (full 0):
 garbage-first heap   total 288768K, used 180005K [0x0000000080000000, 0x0000000100000000)
  region size 1024K, 6 young (6144K), 6 survivors (6144K)
 Metaspace       used 135765K, committed 138240K, reserved 1179648K
  class space    used 18768K, committed 19968K, reserved 1048576K
}

