# JRE version: OpenJDK Runtime Environment (21.0.9) (build 21.0.9+-14787801-b1163.94)
# Java VM: OpenJDK 64-Bit Server VM (21.0.9+-14787801-b1163.94, mixed mode, tiered, compressed oops, compressed class ptrs, g1 gc, windows-amd64)
GC Precious Log:
 CardTable entry size: 512
 Card Set container configuration: InlinePtr #cards 5 size 8 Array Of Cards #cards 12 size 40 Howl #buckets 4 coarsen threshold 1843 Howl Bitmap #cards 512 size 80 coarsen threshold 460 Card regions per heap region 1 cards per card region 2048
 CPUs: 16 total, 16 available
 Memory: 16004M
 Large Page Support: Disabled
 NUMA Support: Disabled
 Compressed Oops: Enabled (32-bit)
 Heap Region Size: 1M
 Heap Min Capacity: 8M
 Heap Initial Capacity: 252M
 Heap Max Capacity: 2G
 Pre-touch: Disabled
 Parallel Workers: 13
 Concurrent Workers: 3
 Concurrent Refinement Workers: 13
 Periodic GC: Disabled
Heap:
 garbage-first heap   total 277504K, used 148685K [0x0000000080000000, 0x0000000100000000)
  region size 1024K, 7 young (7168K), 7 survivors (7168K)
 Metaspace       used 124607K, committed 126912K, reserved 1179648K
  class space    used 17299K, committed 18432K, reserved 1048576K
GC Heap History (20 events):
Event: 14.585 GC heap after
{Heap after GC invocations=36 (full 0):
 garbage-first heap   total 183296K, used 100352K [0x0000000080000000, 0x0000000100000000)
  region size 1024K, 11 young (11264K), 11 survivors (11264K)
 Metaspace       used 106723K, committed 108928K, reserved 1179648K
  class space    used 15064K, committed 16128K, reserved 1048576K
}
Event: 15.117 GC heap before
{Heap before GC invocations=36 (full 0):
 garbage-first heap   total 183296K, used 166912K [0x0000000080000000, 0x0000000100000000)
  region size 1024K, 76 young (77824K), 11 survivors (11264K)
 Metaspace       used 109252K, committed 111424K, reserved 1179648K
  class space    used 15462K, committed 16512K, reserved 1048576K
}
Event: 15.126 GC heap after
{Heap after GC invocations=37 (full 0):
 garbage-first heap   total 189440K, used 108399K [0x0000000080000000, 0x0000000100000000)
  region size 1024K, 8 young (8192K), 8 survivors (8192K)
 Metaspace       used 109252K, committed 111424K, reserved 1179648K
  class space    used 15462K, committed 16512K, reserved 1048576K
}
Event: 15.476 GC heap before
{Heap before GC invocations=37 (full 0):
 garbage-first heap   total 189440K, used 170863K [0x0000000080000000, 0x0000000100000000)
  region size 1024K, 70 young (71680K), 8 survivors (8192K)
 Metaspace       used 109547K, committed 111744K, reserved 1179648K
  class space    used 15501K, committed 16576K, reserved 1048576K
}
Event: 15.481 GC heap after
{Heap after GC invocations=38 (full 0):
 garbage-first heap   total 189440K, used 112203K [0x0000000080000000, 0x0000000100000000)
  region size 1024K, 6 young (6144K), 6 survivors (6144K)
 Metaspace       used 109547K, committed 111744K, reserved 1179648K
  class space    used 15501K, committed 16576K, reserved 1048576K
}
Event: 15.687 GC heap before
{Heap before GC invocations=39 (full 0):
 garbage-first heap   total 189440K, used 171595K [0x0000000080000000, 0x0000000100000000)
  region size 1024K, 65 young (66560K), 6 survivors (6144K)
 Metaspace       used 109651K, committed 111872K, reserved 1179648K
  class space    used 15513K, committed 16576K, reserved 1048576K
}
Event: 15.691 GC heap after
{Heap after GC invocations=40 (full 0):
 garbage-first heap   total 189440K, used 114740K [0x0000000080000000, 0x0000000100000000)
  region size 1024K, 5 young (5120K), 5 survivors (5120K)
 Metaspace       used 109651K, committed 111872K, reserved 1179648K
  class space    used 15513K, committed 16576K, reserved 1048576K
}
Event: 16.020 GC heap before
{Heap before GC invocations=40 (full 0):
 garbage-first heap   total 189440K, used 177204K [0x0000000080000000, 0x0000000100000000)
  region size 1024K, 62 young (63488K), 5 survivors (5120K)
 Metaspace       used 111550K, committed 113728K, reserved 1179648K
  class space    used 15682K, committed 16768K, reserved 1048576K
}
Event: 16.026 GC heap after
{Heap after GC invocations=41 (full 0):
 garbage-first heap   total 192512K, used 118809K [0x0000000080000000, 0x0000000100000000)
  region size 1024K, 8 young (8192K), 8 survivors (8192K)
 Metaspace       used 111550K, committed 113728K, reserved 1179648K
  class space    used 15682K, committed 16768K, reserved 1048576K
}
Event: 16.266 GC heap before
{Heap before GC invocations=41 (full 0):
 garbage-first heap   total 192512K, used 149529K [0x0000000080000000, 0x0000000100000000)
  region size 1024K, 40 young (40960K), 8 survivors (8192K)
 Metaspace       used 113234K, committed 115392K, reserved 1179648K
  class space    used 15926K, committed 16960K, reserved 1048576K
}
Event: 16.274 GC heap after
{Heap after GC invocations=42 (full 0):
 garbage-first heap   total 192512K, used 124568K [0x0000000080000000, 0x0000000100000000)
  region size 1024K, 6 young (6144K), 6 survivors (6144K)
 Metaspace       used 113234K, committed 115392K, reserved 1179648K
  class space    used 15926K, committed 16960K, reserved 1048576K
}
Event: 16.860 GC heap before
{Heap before GC invocations=43 (full 0):
 garbage-first heap   total 211968K, used 178840K [0x0000000080000000, 0x0000000100000000)
  region size 1024K, 54 young (55296K), 6 survivors (6144K)
 Metaspace       used 118927K, committed 121152K, reserved 1179648K
  class space    used 16649K, committed 17728K, reserved 1048576K
}
Event: 16.866 GC heap after
{Heap after GC invocations=44 (full 0):
 garbage-first heap   total 211968K, used 137313K [0x0000000080000000, 0x0000000100000000)
  region size 1024K, 7 young (7168K), 7 survivors (7168K)
 Metaspace       used 118927K, committed 121152K, reserved 1179648K
  class space    used 16649K, committed 17728K, reserved 1048576K
}
Event: 17.550 GC heap before
{Heap before GC invocations=44 (full 0):
 garbage-first heap   total 211968K, used 187489K [0x0000000080000000, 0x0000000100000000)
  region size 1024K, 57 young (58368K), 7 survivors (7168K)
 Metaspace       used 121278K, committed 123520K, reserved 1179648K
  class space    used 16931K, committed 18048K, reserved 1048576K
}
Event: 17.558 GC heap after
{Heap after GC invocations=45 (full 0):
 garbage-first heap   total 211968K, used 145614K [0x0000000080000000, 0x0000000100000000)
  region size 1024K, 8 young (8192K), 8 survivors (8192K)
 Metaspace       used 121278K, committed 123520K, reserved 1179648K
  class space    used 16931K, committed 18048K, reserved 1048576K
}
Event: 18.125 GC heap before
{Heap before GC invocations=45 (full 0):
 garbage-first heap   total 211968K, used 188622K [0x0000000080000000, 0x0000000100000000)
  region size 1024K, 51 young (52224K), 8 survivors (8192K)
 Metaspace       used 123340K, committed 125568K, reserved 1179648K
  class space    used 17141K, committed 18240K, reserved 1048576K
}
Event: 18.130 GC heap after
{Heap after GC invocations=46 (full 0):
 garbage-first heap   total 211968K, used 146802K [0x0000000080000000, 0x0000000100000000)
  region size 1024K, 4 young (4096K), 4 survivors (4096K)
 Metaspace       used 123340K, committed 125568K, reserved 1179648K
  class space    used 17141K, committed 18240K, reserved 1048576K
}
Event: 18.309 GC heap before
{Heap before GC invocations=47 (full 0):
 garbage-first heap   total 247808K, used 190834K [0x0000000080000000, 0x0000000100000000)
  region size 1024K, 48 young (49152K), 4 survivors (4096K)
 Metaspace       used 123361K, committed 125632K, reserved 1179648K
  class space    used 17141K, committed 18240K, reserved 1048576K
}
Event: 18.314 GC heap after
{Heap after GC invocations=48 (full 0):
 garbage-first heap   total 247808K, used 149711K [0x0000000080000000, 0x0000000100000000)
  region size 1024K, 6 young (6144K), 6 survivors (6144K)
 Metaspace       used 123361K, committed 125632K, reserved 1179648K
  class space    used 17141K, committed 18240K, reserved 1048576K
}
Event: 18.573 GC heap before
{Heap before GC invocations=48 (full 0):
 garbage-first heap   total 247808K, used 222415K [0x0000000080000000, 0x0000000100000000)
  region size 1024K, 78 young (79872K), 6 survivors (6144K)
 Metaspace       used 124607K, committed 126912K, reserved 1179648K
  class space    used 17299K, committed 18432K, reserved 1048576K
}

